cocos2d/cocos/platform/android/libcocos2dx/build/outputs/mapping/release/seeds.txt
org.cocos2dx.lib.Cocos2dxEditBox: int mMaxLength
org.cocos2dx.lib.Cocos2dxVideoView: int EVENT_ERROR
com.oppo.oiface.engine.OifaceGameEngineManager: java.lang.ref.WeakReference mCallbacks
org.cocos2dx.lib.Cocos2dxMusic: android.content.Context mContext
org.cocos2dx.lib.Cocos2dxEditBox: java.lang.Boolean changedTextProgrammatically
org.cocos2dx.lib.Cocos2dxDownloader: java.util.HashMap _resumingSupport
org.cocos2dx.lib.Cocos2dxEditBoxHelper: float mPadding
org.cocos2dx.lib.Cocos2dxVideoView: int STATE_IDLE
org.cocos2dx.lib.Cocos2dxRenderer: int mScreenWidth
org.cocos2dx.lib.Cocos2dxVideoHelper: android.widget.FrameLayout mLayout
org.cocos2dx.lib.Cocos2dxSound: java.util.HashMap mPathStreamIDsMap
org.cocos2dx.lib.GameControllerDelegate: int BUTTON_DPAD_UP
org.cocos2dx.lib.GameControllerDelegate: int THUMBSTICK_LEFT_X
org.cocos2dx.lib.Cocos2dxDownloader: java.util.Queue _taskQueue
org.cocos2dx.lib.Cocos2dxLocalStorage: java.lang.String DATABASE_NAME
org.cocos2dx.lib.Cocos2dxVideoView: int mVisibleHeight
org.cocos2dx.lib.GameControllerDelegate: int BUTTON_C
org.cocos2dx.lib.Cocos2dxLocalStorage: org.cocos2dx.lib.Cocos2dxLocalStorage$DBOpenHelper mDatabaseOpenHelper
org.cocos2dx.lib.Cocos2dxDownloader: int _runningTaskCount
org.cocos2dx.lib.Cocos2dxVideoView: int mViewLeft
org.cocos2dx.lib.Cocos2dxSound: int INVALID_STREAM_ID
org.cocos2dx.lib.GameControllerDelegate: int BUTTON_B
org.cocos2dx.lib.Cocos2dxGLSurfaceView: boolean mSoftKeyboardShown
org.cocos2dx.lib.Cocos2dxVideoView: android.media.MediaPlayer$OnBufferingUpdateListener mBufferingUpdateListener
org.cocos2dx.lib.Cocos2dxHelper: android.content.ServiceConnection connection
org.cocos2dx.lib.Cocos2dxVideoView: boolean mFullScreenEnabled
org.cocos2dx.lib.Cocos2dxVideoHelper: int VideoTaskStart
com.oppo.oiface.engine.IOIfaceService$Stub: int TRANSACTION_getOifaceversion
org.cocos2dx.lib.Cocos2dxHelper: boolean sAccelerometerEnabled
org.cocos2dx.lib.Cocos2dxVideoView: int STATE_PAUSED
org.cocos2dx.lib.Cocos2dxVideoHelper: int VideoTaskRemove
org.cocos2dx.lib.Cocos2dxActivity: org.cocos2dx.lib.Cocos2dxVideoHelper mVideoHelper
org.cocos2dx.lib.Cocos2dxBitmap: int VERTICAL_ALIGN_BOTTOM
org.cocos2dx.lib.Cocos2dxVideoHelper: android.util.SparseArray sVideoViews
org.cocos2dx.lib.GameControllerDelegate: int BUTTON_DPAD_RIGHT
org.cocos2dx.lib.Cocos2dxEditBox: int kEditBoxInputFlagInitialCapsAllCharacters
org.cocos2dx.lib.Cocos2dxAccelerometer: android.content.Context mContext
org.cocos2dx.lib.Cocos2dxEditBox: int kKeyboardReturnTypeGo
org.cocos2dx.lib.Cocos2dxGLSurfaceView: org.cocos2dx.lib.Cocos2dxRenderer mCocos2dxRenderer
org.cocos2dx.lib.Cocos2dxVideoView: boolean mIsAssetRouse
org.cocos2dx.lib.Cocos2dxRenderer: long NANOSECONDSPERMICROSECOND
org.cocos2dx.lib.Cocos2dxHelper: int BOOST_TIME
org.cocos2dx.lib.Cocos2dxSound: int SOUND_QUALITY
org.cocos2dx.lib.Cocos2dxDownloader: com.loopj.android.http.AsyncHttpClient _httpClient
org.cocos2dx.lib.Cocos2dxVideoView: int STATE_ERROR
org.cocos2dx.lib.Cocos2dxMusic: boolean mIsAudioFocus
org.cocos2dx.lib.Cocos2dxEditBox: int kEditBoxInputFlagInitialCapsSentence
org.cocos2dx.lib.Cocos2dxVideoView: boolean mKeepRatio
org.cocos2dx.lib.Cocos2dxVideoHelper: int videoTag
org.cocos2dx.lib.Cocos2dxSound: float mRightVolume
org.cocos2dx.lib.Cocos2dxActivity: boolean hasFocus
org.cocos2dx.lib.Cocos2dxVideoView: android.view.SurfaceHolder$Callback mSHCallback
org.cocos2dx.lib.Cocos2dxSound: int SOUND_PRIORITY
org.cocos2dx.lib.Cocos2dxEditBox: int kEditBoxInputFlagSensitive
org.cocos2dx.lib.Cocos2dxEditBox: int endAction
org.cocos2dx.lib.Cocos2dxHelper: java.util.Set onActivityResultListeners
org.cocos2dx.lib.Cocos2dxHandler: java.lang.ref.WeakReference mActivity
org.cocos2dx.lib.Cocos2dxVideoView: android.media.MediaPlayer$OnCompletionListener mCompletionListener
org.cocos2dx.lib.Cocos2dxHelper: java.lang.String TAG