cocos2d/cocos/platform/android/libcocos2dx/build/outputs/mapping/release/mapping.txt
# compiler: R8
# compiler_version: 3.3.83
# common_typos_disable
# {"id":"com.android.tools.r8.mapping","version":"2.0"}
# pg_map_id: db7ae25
# pg_map_hash: SHA-256 db7ae25d400c9c509d5256c931c69d7f528ecfdc1a653f9f6148ce40880040a4
...
com.loopj.android.http.RetryHandler -> com.loopj.android.http.RetryHandler:
    43:57:void <clinit>() -> <clinit>
    63:65:void <init>(int,int) -> <init>
    69:69:void addClassToWhitelist(java.lang.Class) -> addClassToWhitelist
    115:116:boolean isInList(java.util.HashSet,java.lang.Throwable) -> isInList
    80:108:boolean retryRequest(java.io.IOException,int,cz.msebera.android.httpclient.protocol.HttpContext) -> retryRequest
com.loopj.android.http.Utils -> com.loopj.android.http.Utils:
    39:39:void asserts(boolean,java.lang.String) -> asserts
    52:52:java.lang.Object notNull(java.lang.Object,java.lang.String) -> notNull
com.oppo.oiface.engine.IOIfaceNotifier$Stub -> com.oppo.oiface.engine.IOIfaceNotifier$Stub:
    28:29:void <init>() -> <init>
    40:44:com.oppo.oiface.engine.IOIfaceNotifier asInterface(android.os.IBinder) -> asInterface
    56:68:boolean onTransact(int,android.os.Parcel,android.os.Parcel,int) -> onTransact
com.oppo.oiface.engine.IOIfaceNotifier$Stub$Proxy -> com.oppo.oiface.engine.IOIfaceNotifier$Stub$Proxy:
    74:75:void <init>(android.os.IBinder) -> <init>
    80:80:android.os.IBinder asBinder() -> asBinder
    93:102:void onSystemNotify(java.lang.String) -> onSystemNotify
com.oppo.oiface.engine.IOIfaceService$Stub -> com.oppo.oiface.engine.IOIfaceService$Stub:
    18:19:void <init>() -> <init>
    30:34:com.oppo.oiface.engine.IOIfaceService asInterface(android.os.IBinder) -> asInterface
    44:44:boolean onTransact(int,android.os.Parcel,android.os.Parcel,int) -> onTransact
com.oppo.oiface.engine.IOIfaceService$Stub$Proxy -> com.oppo.oiface.engine.IOIfaceService$Stub$Proxy:
    50:51:void <init>(android.os.IBinder) -> <init>
    56:56:android.os.IBinder asBinder() -> asBinder
    111:120:int getMemoryUsage(int) -> getMemoryUsage
    94:104:java.lang.String getOifaceVersion() -> getOifaceVersion
    80:88:void onAppRegister() -> onAppRegister
    65:74:void registerEngineClient(com.oppo.oiface.engine.IOIfaceNotifier) -> registerEngineClient
    127:133:void updateGameEngineInfo(java.lang.String) -> updateGameEngineInfo
com.oppo.oiface.engine.OifaceGameEngineManager -> com.oppo.oiface.engine.OifaceGameEngineManager:
    34:62:void <init>() -> <init>
    25:25:java.lang.ref.WeakReference access$000(com.oppo.oiface.engine.OifaceGameEngineManager) -> access$000
    25:25:com.oppo.oiface.engine.IOIfaceService access$102(com.oppo.oiface.engine.IOIfaceService) -> access$102
    39:55:boolean connectOifaceService() -> connectOifaceService
    80:87:com.oppo.oiface.engine.OifaceGameEngineManager getInstance() -> getInstance
    106:110:int getMemoryUsage(int) -> getMemoryUsage
    91:96:java.lang.String getOifaceVersion() -> getOifaceVersion
    116:121:void systemStatus(com.oppo.oiface.engine.CallBack) -> systemStatus
    131:136:boolean updateGameEngineInfo(java.lang.String) -> updateGameEngineInfo
com.oppo.oiface.engine.OifaceGameEngineManager$1 -> com.oppo.oiface.engine.OifaceGameEngineManager$1:
    43:43:void <init>(com.oppo.oiface.engine.OifaceGameEngineManager) -> <init>
    46:47:void onSystemNotify(java.lang.String) -> onSystemNotify
com.oppo.oiface.engine.OifaceGameEngineManager$2 -> com.oppo.oiface.engine.OifaceGameEngineManager$2:
    62:62:void <init>(com.oppo.oiface.engine.OifaceGameEngineManager) -> <init>
    65:66:void binderDied() -> binderDied
cz.msebera.android.httpclient.ConnectionClosedException -> cz.msebera.android.httpclient.ConnectionClosedException:
    47:47:void <init>(java.lang.String) -> <init>
cz.msebera.android.httpclient.Consts -> cz.msebera.android.httpclient.Consts:
    44:46:void <clinit>() -> <clinit>
cz.msebera.android.httpclient.HttpException -> cz.msebera.android.httpclient.HttpException:
    43:43:void <init>() -> <init>
    52:52:void <init>(java.lang.String) -> <init>
    63:64:void <init>(java.lang.String,java.lang.Throwable) -> <init>