cocos2d/cocos/platform/android/libcocos2dx/build/outputs/mapping/release/usage.txt
cz.msebera.android.httpclient.impl.cookie.BrowserCompatSpec:
    public void <init>()
    public void <init>(java.lang.String[])
cz.msebera.android.httpclient.impl.cookie.BrowserCompatSpecFactory:
    public void <init>(java.lang.String[])
cz.msebera.android.httpclient.impl.cookie.CookieSpecBase:
    protected void <init>(java.util.HashMap)
cz.msebera.android.httpclient.impl.cookie.DateParseException
cz.msebera.android.httpclient.impl.cookie.DateUtils
cz.msebera.android.httpclient.impl.cookie.DefaultCookieSpec:
    public void <init>()
    void <init>(cz.msebera.android.httpclient.impl.cookie.RFC2965Spec,cz.msebera.android.httpclient.impl.cookie.RFC2109Spec,cz.msebera.android.httpclient.impl.cookie.NetscapeDraftSpec)
    public java.lang.String toString()
cz.msebera.android.httpclient.impl.cookie.DefaultCookieSpecProvider$1
cz.msebera.android.httpclient.impl.cookie.DefaultCookieSpecProvider$CompatibilityLevel
cz.msebera.android.httpclient.impl.cookie.DefaultCookieSpecProvider
cz.msebera.android.httpclient.impl.cookie.IgnoreSpecProvider
cz.msebera.android.httpclient.impl.cookie.LaxExpiresHandler
cz.msebera.android.httpclient.impl.cookie.LaxMaxAgeHandler
cz.msebera.android.httpclient.impl.cookie.NetscapeDraftHeaderParser:
    private static final char PARAM_DELIMITER
cz.msebera.android.httpclient.impl.cookie.NetscapeDraftSpec:
    protected static final java.lang.String EXPIRES_PATTERN
cz.msebera.android.httpclient.impl.cookie.NetscapeDraftSpecProvider
cz.msebera.android.httpclient.impl.cookie.PublicSuffixDomainFilter
cz.msebera.android.httpclient.impl.cookie.PublicSuffixFilter
cz.msebera.android.httpclient.impl.cookie.PublicSuffixListParser
cz.msebera.android.httpclient.impl.cookie.RFC2109SpecProvider
cz.msebera.android.httpclient.impl.cookie.RFC2965SpecProvider
cz.msebera.android.httpclient.impl.cookie.RFC6265CookieSpecBase
cz.msebera.android.httpclient.impl.cookie.RFC6265CookieSpecProvider$1
cz.msebera.android.httpclient.impl.cookie.RFC6265CookieSpecProvider$2
cz.msebera.android.httpclient.impl.cookie.RFC6265CookieSpecProvider$CompatibilityLevel
cz.msebera.android.httpclient.impl.cookie.RFC6265CookieSpecProvider
cz.msebera.android.httpclient.impl.cookie.RFC6265LaxSpec
cz.msebera.android.httpclient.impl.cookie.RFC6265StrictSpec
cz.msebera.android.httpclient.impl.entity.DisallowIdentityContentLengthStrategy
cz.msebera.android.httpclient.impl.execchain.BackoffStrategyExec
cz.msebera.android.httpclient.impl.execchain.ClientExecChain
cz.msebera.android.httpclient.impl.execchain.ConnectionHolder
cz.msebera.android.httpclient.impl.execchain.HttpResponseProxy
cz.msebera.android.httpclient.impl.execchain.MainClientExec
cz.msebera.android.httpclient.impl.execchain.MinimalClientExec
cz.msebera.android.httpclient.impl.execchain.ProtocolExec
cz.msebera.android.httpclient.impl.execchain.RedirectExec
cz.msebera.android.httpclient.impl.execchain.RequestAbortedException
cz.msebera.android.httpclient.impl.execchain.RequestEntityProxy
cz.msebera.android.httpclient.impl.execchain.ResponseEntityProxy
cz.msebera.android.httpclient.impl.execchain.RetryExec
cz.msebera.android.httpclient.impl.execchain.ServiceUnavailableRetryExec
cz.msebera.android.httpclient.impl.execchain.TunnelRefusedException
cz.msebera.android.httpclient.impl.io.AbstractMessageParser:
    private static final int HEADERS
    private static final int HEAD_LINE
    public void <init>(cz.msebera.android.httpclient.io.SessionInputBuffer,cz.msebera.android.httpclient.message.LineParser,cz.msebera.android.httpclient.config.MessageConstraints)
cz.msebera.android.httpclient.impl.io.AbstractMessageWriter:
    public void <init>(cz.msebera.android.httpclient.io.SessionOutputBuffer,cz.msebera.android.httpclient.message.LineFormatter)
cz.msebera.android.httpclient.impl.io.AbstractSessionInputBuffer:
    public int available()
    public int capacity()
    public int read(byte[])
    public java.lang.String readLine()